<?xml version="1.0" encoding="UTF-8"?>
<!-- Generated by org.testng.reporters.JUnitReportReporter -->
<testsuite hostname="DESKTOP-FT5CQ86" failures="0" tests="3" name="com.crm.qa.testdata.LoginPageTest" time="46.645" errors="0" timestamp="2024-05-23T23:19:44 IST" skipped="0">
  <testcase classname="com.crm.qa.testdata.LoginPageTest" name="loginPageTitleTest" time="13.067"/>
  <system-out/>
  <testcase classname="com.crm.qa.testdata.LoginPageTest" name="loginPageLogoTest" time="10.782"/>
  <system-out/>
  <testcase classname="com.crm.qa.testdata.LoginPageTest" name="loginPageTest" time="22.796"/>
  <system-out/>
</testsuite> <!-- com.crm.qa.testdata.LoginPageTest -->
