<?xml version="1.0" encoding="UTF-8"?>
<!-- Generated by org.testng.reporters.JUnitReportReporter -->
<testsuite hostname="DESKTOP-FT5CQ86" failures="0" tests="3" name="com.crm.qa.testdata.HomePageTest" time="76.121" errors="0" timestamp="2024-05-23T23:24:48 IST" skipped="0">
  <testcase classname="com.crm.qa.testdata.HomePageTest" name="verifyHomePageTitle" time="24.274"/>
  <system-out/>
  <testcase classname="com.crm.qa.testdata.HomePageTest" name="verifyLoginUserName" time="25.860"/>
  <system-out/>
  <testcase classname="com.crm.qa.testdata.HomePageTest" name="verifyContactsBtn" time="25.987"/>
  <system-out/>
</testsuite> <!-- com.crm.qa.testdata.HomePageTest -->
