<?xml version="1.0" encoding="UTF-8"?>
<!-- Generated by org.testng.reporters.JUnitReportReporter -->
<testsuite hostname="DESKTOP-FT5CQ86" failures="0" tests="2" name="com.crm.qa.testdata.ContactsPageTest" time="67.790" errors="0" timestamp="2024-05-24T21:44:50 IST" skipped="0">
  <testcase classname="com.crm.qa.testdata.ContactsPageTest" name="verifyContactsTitle" time="36.290"/>
  <system-out/>
  <testcase classname="com.crm.qa.testdata.ContactsPageTest" name="clickOnNewContactsBtn" time="31.500"/>
  <system-out/>
</testsuite> <!-- com.crm.qa.testdata.ContactsPageTest -->
